android/build_alt_4/app/intermediates/manifest_merge_blame_file/debug/processDebugMainManifest/manifest-merger-blame-debug-report.txt
1<?xml version="1.0" encoding="utf-8"?>
2<manifest xmlns:android="http://schemas.android.com/apk/res/android"
3    package="com.juanesj2.lovewidget"
4    android:versionCode="1"
5    android:versionName="1.0" >
6
7    <uses-sdk
8        android:minSdkVersion="24"
9        android:targetSdkVersion="36" />
10
11    <!-- Permissions -->
12    <uses-permission android:name="android.permission.INTERNET" />
12-->src\main\AndroidManifest.xml:79:5-67
12-->src\main\AndroidManifest.xml:79:22-64
13    <uses-permission android:name="android.permission.ACCESS_COARSE_LOCATION" />
13-->src\main\AndroidManifest.xml:80:5-81
13-->src\main\AndroidManifest.xml:80:22-78
14    <uses-permission android:name="android.permission.ACCESS_FINE_LOCATION" />
14-->src\main\AndroidManifest.xml:81:5-79
14-->src\main\AndroidManifest.xml:81:22-76
15    <uses-permission android:name="android.permission.ACCESS_BACKGROUND_LOCATION" />
15-->src\main\AndroidManifest.xml:82:5-85
15-->src\main\AndroidManifest.xml:82:22-82
16    <uses-permission android:name="android.permission.FOREGROUND_SERVICE" />
16-->src\main\AndroidManifest.xml:83:5-77
16-->src\main\AndroidManifest.xml:83:22-74
17    <uses-permission android:name="android.permission.FOREGROUND_SERVICE_LOCATION" />
17-->src\main\AndroidManifest.xml:84:5-86
17-->src\main\AndroidManifest.xml:84:22-83
18    <uses-permission android:name="android.permission.POST_NOTIFICATIONS" />
18-->src\main\AndroidManifest.xml:85:5-77
18-->src\main\AndroidManifest.xml:85:22-74
19
20    <!-- Camera & Storage Permissions -->
21    <uses-permission android:name="android.permission.CAMERA" />
21-->src\main\AndroidManifest.xml:88:5-65
21-->src\main\AndroidManifest.xml:88:22-62
22    <uses-permission android:name="android.permission.READ_EXTERNAL_STORAGE" />
22-->src\main\AndroidManifest.xml:89:5-80
22-->src\main\AndroidManifest.xml:89:22-77
23    <uses-permission android:name="android.permission.WRITE_EXTERNAL_STORAGE" />
23-->src\main\AndroidManifest.xml:90:5-81
23-->src\main\AndroidManifest.xml:90:22-78
24    <uses-permission android:name="android.permission.READ_MEDIA_IMAGES" />
24-->src\main\AndroidManifest.xml:91:5-76
24-->src\main\AndroidManifest.xml:91:22-73
25    <uses-permission android:name="android.permission.RECORD_AUDIO" />
25-->src\main\AndroidManifest.xml:92:5-71
25-->src\main\AndroidManifest.xml:92:22-68
26
27    <uses-feature
27-->src\main\AndroidManifest.xml:93:5-85
28        android:name="android.hardware.camera"
28-->src\main\AndroidManifest.xml:93:19-57
29        android:required="false" />
29-->src\main\AndroidManifest.xml:93:58-82
30    <uses-feature android:name="android.hardware.location.gps" />
30-->[:capacitor-community-background-geolocation] AndroidManifest.xml:21:5-66
30-->[:capacitor-community-background-geolocation] AndroidManifest.xml:21:19-63
31
32    <queries>
32-->[:capacitor-browser] AndroidManifest.xml:7:5-11:15
33        <intent>
33-->[:capacitor-browser] AndroidManifest.xml:8:9-10:18
34            <action android:name="android.support.customtabs.action.CustomTabsService" />
34-->[:capacitor-browser] AndroidManifest.xml:9:13-90
34-->[:capacitor-browser] AndroidManifest.xml:9:21-87
35        </intent>
36        <intent>
36-->[:capacitor-camera] AndroidManifest.xml:8:9-10:18
37            <action android:name="android.media.action.IMAGE_CAPTURE" />
37-->[:capacitor-camera] AndroidManifest.xml:9:13-73
37-->[:capacitor-camera] AndroidManifest.xml:9:21-70
38        </intent>
39        <intent>
39-->[:capacitor-camera] AndroidManifest.xml:11:9-13:18
40            <action android:name="android.intent.action.GET_CONTENT" />
40-->[:capacitor-camera] AndroidManifest.xml:12:13-72
40-->[:capacitor-camera] AndroidManifest.xml:12:21-69
41        </intent>
42        <intent>
42-->[:capacitor-camera] AndroidManifest.xml:14:9-16:18
43            <action android:name="android.intent.action.PICK" />
43-->[:capacitor-camera] AndroidManifest.xml:15:13-65
43-->[:capacitor-camera] AndroidManifest.xml:15:21-62
44        </intent>
45        <intent>
45-->[com.android.billingclient:billing:8.3.0] AndroidManifest.xml:13:9-15:18
46            <action android:name="com.android.vending.billing.InAppBillingService.BIND" />
46-->[com.android.billingclient:billing:8.3.0] AndroidManifest.xml:14:13-91
46-->[com.android.billingclient:billing:8.3.0] AndroidManifest.xml:14:21-88
47        </intent>
48        <intent>
48-->[com.android.billingclient:billing:8.3.0] AndroidManifest.xml:16:9-18:18
49            <action android:name="com.google.android.apps.play.billingtestcompanion.BillingOverrideService.BIND" />
49-->[com.android.billingclient:billing:8.3.0] AndroidManifest.xml:17:13-116
49-->[com.android.billingclient:billing:8.3.0] AndroidManifest.xml:17:21-113
50        </intent>
51    </queries>
52
53    <uses-permission android:name="android.permission.VIBRATE" />
53-->[:capacitor-haptics] AndroidManifest.xml:7:5-66
53-->[:capacitor-haptics] AndroidManifest.xml:7:22-63
54    <uses-permission android:name="android.permission.RECEIVE_BOOT_COMPLETED" />
54-->[:capacitor-local-notifications] AndroidManifest.xml:7:5-81
54-->[:capacitor-local-notifications] AndroidManifest.xml:7:22-78
55    <uses-permission android:name="android.permission.WAKE_LOCK" />
55-->[:capacitor-local-notifications] AndroidManifest.xml:8:5-68
55-->[:capacitor-local-notifications] AndroidManifest.xml:8:22-65
56    <uses-permission android:name="android.permission.USE_BIOMETRIC" /> <!-- suppress DeprecatedClassUsageInspection -->
56-->[androidx.biometric:biometric:1.1.0] AndroidManifest.xml:24:5-72
56-->[androidx.biometric:biometric:1.1.0] AndroidManifest.xml:24:22-69
57    <uses-permission android:name="android.permission.USE_FINGERPRINT" />
57-->[androidx.biometric:biometric:1.1.0] AndroidManifest.xml:27:5-74
57-->[androidx.biometric:biometric:1.1.0] AndroidManifest.xml:27:22-71
58    <uses-permission android:name="android.permission.ACCESS_NETWORK_STATE" />
58-->[androidx.work:work-runtime:2.9.0] AndroidManifest.xml:24:5-79
58-->[androidx.work:work-runtime:2.9.0] AndroidManifest.xml:24:22-76
59    <uses-permission android:name="com.android.vending.BILLING" /> <!-- Required by older versions of Google Play services to create IID tokens -->
59-->[com.android.billingclient:billing:8.3.0] AndroidManifest.xml:10:5-67
59-->[com.android.billingclient:billing:8.3.0] AndroidManifest.xml:10:22-64
60    <uses-permission android:name="com.google.android.c2dm.permission.RECEIVE" />
60-->[com.google.firebase:firebase-messaging:25.0.1] AndroidManifest.xml:26:5-82
60-->[com.google.firebase:firebase-messaging:25.0.1] AndroidManifest.xml:26:22-79
61
62    <permission
62-->[androidx.core:core:1.17.0] AndroidManifest.xml:22:5-24:47
63        android:name="com.juanesj2.lovewidget.DYNAMIC_RECEIVER_NOT_EXPORTED_PERMISSION"
63-->[androidx.core:core:1.17.0] AndroidManifest.xml:23:9-81
64        android:protectionLevel="signature" />
64-->[androidx.core:core:1.17.0] AndroidManifest.xml:24:9-44
65
66    <uses-permission android:name="com.juanesj2.lovewidget.DYNAMIC_RECEIVER_NOT_EXPORTED_PERMISSION" />
66-->[androidx.core:core:1.17.0] AndroidManifest.xml:26:5-97
66-->[androidx.core:core:1.17.0] AndroidManifest.xml:26:22-94
67
68    <application
68-->src\main\AndroidManifest.xml:3:5-76:19
69        android:allowBackup="true"
69-->src\main\AndroidManifest.xml:4:9-35
70        android:appComponentFactory="androidx.core.app.CoreComponentFactory"
70-->[androidx.core:core:1.17.0] AndroidManifest.xml:28:18-86
71        android:debuggable="true"
72        android:extractNativeLibs="false"
73        android:icon="@mipmap/ic_launcher"
73-->src\main\AndroidManifest.xml:5:9-43
74        android:label="@string/app_name"
74-->src\main\AndroidManifest.xml:6:9-41
75        android:requestLegacyExternalStorage="true"
75-->[io.ionic.libs:ioncamera-android:1.0.1] AndroidManifest.xml:8:18-61
76        android:roundIcon="@mipmap/ic_launcher_round"
76-->src\main\AndroidManifest.xml:7:9-54
77        android:supportsRtl="true"
77-->src\main\AndroidManifest.xml:8:9-35
78        android:theme="@style/AppTheme" >
78-->src\main\AndroidManifest.xml:9:9-40
79
80        <!-- Default Notification Icon and Color -->
81        <meta-data
81-->src\main\AndroidManifest.xml:11:9-138
82            android:name="com.google.firebase.messaging.default_notification_icon"
82-->src\main\AndroidManifest.xml:11:20-90
83            android:resource="@drawable/ic_notification" />
83-->src\main\AndroidManifest.xml:11:91-135
84        <meta-data
84-->src\main\AndroidManifest.xml:12:9-133
85            android:name="com.google.firebase.messaging.default_notification_color"
85-->src\main\AndroidManifest.xml:12:20-91
86            android:resource="@color/colorPrimary" />
86-->src\main\AndroidManifest.xml:12:92-130
87
88        <activity
88-->src\main\AndroidManifest.xml:14:9-25:20
89            android:name="com.juanesj2.lovewidget.MainActivity"
89-->src\main\AndroidManifest.xml:16:13-41
90            android:configChanges="orientation|keyboardHidden|keyboard|screenSize|locale|smallestScreenSize|screenLayout|uiMode|navigation|density"
90-->src\main\AndroidManifest.xml:15:13-148
91            android:exported="true"
91-->src\main\AndroidManifest.xml:20:13-36
92            android:label="@string/title_activity_main"
92-->src\main\AndroidManifest.xml:17:13-56
93            android:launchMode="singleTask"
93-->src\main\AndroidManifest.xml:19:13-44
94            android:theme="@style/AppTheme.NoActionBarLaunch" >
94-->src\main\AndroidManifest.xml:18:13-62
95            <intent-filter>
95-->src\main\AndroidManifest.xml:21:13-24:29
96                <action android:name="android.intent.action.MAIN" />
96-->src\main\AndroidManifest.xml:22:17-69
96-->src\main\AndroidManifest.xml:22:25-66
97
98                <category android:name="android.intent.category.LAUNCHER" />
98-->src\main\AndroidManifest.xml:23:17-77
98-->src\main\AndroidManifest.xml:23:27-74
99            </intent-filter>
100        </activity>
101
102        <provider
103            android:name="androidx.core.content.FileProvider"
103-->src\main\AndroidManifest.xml:28:13-62
104            android:authorities="com.juanesj2.lovewidget.fileprovider"
104-->src\main\AndroidManifest.xml:29:13-64
105            android:exported="false"
105-->src\main\AndroidManifest.xml:30:13-37
106            android:grantUriPermissions="true" >
106-->src\main\AndroidManifest.xml:31:13-47
107            <meta-data
107-->src\main\AndroidManifest.xml:32:13-112
108                android:name="android.support.FILE_PROVIDER_PATHS"
108-->src\main\AndroidManifest.xml:32:24-74
109                android:resource="@xml/file_paths" />
109-->src\main\AndroidManifest.xml:32:75-109
110        </provider>
111
112        <receiver
112-->src\main\AndroidManifest.xml:35:9-40:20
113            android:name="com.juanesj2.lovewidget.LoveWidgetProvider"
113-->src\main\AndroidManifest.xml:35:19-53
114            android:exported="true"
114-->src\main\AndroidManifest.xml:35:54-77
115            android:label="@string/widget_love_label" >
115-->src\main\AndroidManifest.xml:35:78-119
116            <intent-filter>
116-->src\main\AndroidManifest.xml:36:13-38:29
117                <action android:name="android.appwidget.action.APPWIDGET_UPDATE" />
117-->src\main\AndroidManifest.xml:37:17-84
117-->src\main\AndroidManifest.xml:37:25-81
118            </intent-filter>
119
120            <meta-data
120-->src\main\AndroidManifest.xml:39:13-104
121                android:name="android.appwidget.provider"
121-->src\main\AndroidManifest.xml:39:24-65
122                android:resource="@xml/widget_info" />
122-->src\main\AndroidManifest.xml:39:66-101
123        </receiver>
124        <receiver
124-->src\main\AndroidManifest.xml:42:9-47:20
125            android:name="com.juanesj2.lovewidget.Counter1x1WidgetProvider"
125-->src\main\AndroidManifest.xml:42:19-59
126            android:exported="true"
126-->src\main\AndroidManifest.xml:42:60-83
127            android:label="@string/widget_counter_1x1_label" >
127-->src\main\AndroidManifest.xml:42:84-132
128            <intent-filter>
128-->src\main\AndroidManifest.xml:36:13-38:29
129                <action android:name="android.appwidget.action.APPWIDGET_UPDATE" />
129-->src\main\AndroidManifest.xml:37:17-84
129-->src\main\AndroidManifest.xml:37:25-81
130            </intent-filter>
131
132            <meta-data
132-->src\main\AndroidManifest.xml:39:13-104
133                android:name="android.appwidget.provider"
133-->src\main\AndroidManifest.xml:39:24-65
134                android:resource="@xml/widget_counter_1x1_info" />
134-->src\main\AndroidManifest.xml:39:66-101
135        </receiver>
136        <receiver
136-->src\main\AndroidManifest.xml:49:9-54:20
137            android:name="com.juanesj2.lovewidget.CounterPhotoWidgetProvider"
137-->src\main\AndroidManifest.xml:49:19-61
138            android:exported="true"
138-->src\main\AndroidManifest.xml:49:62-85
139            android:label="@string/widget_counter_photo_label" >
139-->src\main\AndroidManifest.xml:49:86-136
140            <intent-filter>
140-->src\main\AndroidManifest.xml:36:13-38:29
141                <action android:name="android.appwidget.action.APPWIDGET_UPDATE" />
141-->src\main\AndroidManifest.xml:37:17-84
141-->src\main\AndroidManifest.xml:37:25-81
142            </intent-filter>
143
144            <meta-data
144-->src\main\AndroidManifest.xml:39:13-104
145                android:name="android.appwidget.provider"
145-->src\main\AndroidManifest.xml:39:24-65
146                android:resource="@xml/widget_counter_photo_info" />
146-->src\main\AndroidManifest.xml:39:66-101
147        </receiver>
148        <receiver
148-->src\main\AndroidManifest.xml:56:9-61:20
149            android:name="com.juanesj2.lovewidget.DailyPhotoWidgetProvider"
149-->src\main\AndroidManifest.xml:56:19-59
150            android:exported="true"
150-->src\main\AndroidManifest.xml:56:60-83
151            android:label="@string/widget_daily_photo_label" >
151-->src\main\AndroidManifest.xml:56:84-132
152            <intent-filter>
152-->src\main\AndroidManifest.xml:36:13-38:29
153                <action android:name="android.appwidget.action.APPWIDGET_UPDATE" />
153-->src\main\AndroidManifest.xml:37:17-84
153-->src\main\AndroidManifest.xml:37:25-81
154            </intent-filter>
155
156            <meta-data
156-->src\main\AndroidManifest.xml:39:13-104
157                android:name="android.appwidget.provider"
157-->src\main\AndroidManifest.xml:39:24-65
158                android:resource="@xml/widget_daily_photo_info" />
158-->src\main\AndroidManifest.xml:39:66-101
159        </receiver>
160        <receiver
160-->src\main\AndroidManifest.xml:63:9-69:20
161            android:name="com.juanesj2.lovewidget.PokeWidgetProvider"
161-->src\main\AndroidManifest.xml:63:19-53
162            android:exported="true"
162-->src\main\AndroidManifest.xml:63:54-77
163            android:label="@string/widget_poke_label" >
163-->src\main\AndroidManifest.xml:63:78-119
164            <intent-filter>
164-->src\main\AndroidManifest.xml:64:13-67:29
165                <action android:name="android.appwidget.action.APPWIDGET_UPDATE" />
165-->src\main\AndroidManifest.xml:37:17-84
165-->src\main\AndroidManifest.xml:37:25-81
166                <action android:name="com.juanesj2.lovewidget.ACTION_POKE" />
166-->src\main\AndroidManifest.xml:66:17-78
166-->src\main\AndroidManifest.xml:66:25-75
167            </intent-filter>
168
169            <meta-data
169-->src\main\AndroidManifest.xml:39:13-104
170                android:name="android.appwidget.provider"
170-->src\main\AndroidManifest.xml:39:24-65
171                android:resource="@xml/widget_poke_info" />
171-->src\main\AndroidManifest.xml:39:66-101
172        </receiver>
173
174        <!-- Background Geolocation Service -->
175        <service
175-->src\main\AndroidManifest.xml:72:9-75:56
176            android:name="com.equimaps.capacitor_background_geolocation.BackgroundGeolocationService"
176-->src\main\AndroidManifest.xml:73:13-102
177            android:enabled="true"
177-->[:capacitor-community-background-geolocation] AndroidManifest.xml:26:13-35
178            android:exported="true"
178-->src\main\AndroidManifest.xml:74:13-36
179            android:foregroundServiceType="location|location" />
179-->src\main\AndroidManifest.xml:75:13-53
180
181        <activity
181-->[:capacitor-browser] AndroidManifest.xml:14:9-18:75
182            android:name="com.capacitorjs.plugins.browser.BrowserControllerActivity"
182-->[:capacitor-browser] AndroidManifest.xml:15:13-85
183            android:exported="false"
183-->[:capacitor-browser] AndroidManifest.xml:16:13-37
184            android:launchMode="singleTask"
184-->[:capacitor-browser] AndroidManifest.xml:17:13-44
185            android:theme="@android:style/Theme.Translucent.NoTitleBar" />
185-->[:capacitor-browser] AndroidManifest.xml:18:13-72
186
187        <receiver android:name="com.capacitorjs.plugins.localnotifications.TimedNotificationPublisher" />
187-->[:capacitor-local-notifications] AndroidManifest.xml:12:9-106
187-->[:capacitor-local-notifications] AndroidManifest.xml:12:19-103
188        <receiver android:name="com.capacitorjs.plugins.localnotifications.NotificationDismissReceiver" />
188-->[:capacitor-local-notifications] AndroidManifest.xml:13:9-107
188-->[:capacitor-local-notifications] AndroidManifest.xml:13:19-104
189        <receiver
189-->[:capacitor-local-notifications] AndroidManifest.xml:14:9-23:20
190            android:name="com.capacitorjs.plugins.localnotifications.LocalNotificationRestoreReceiver"
190-->[:capacitor-local-notifications] AndroidManifest.xml:15:13-103
191            android:directBootAware="true"
191-->[:capacitor-local-notifications] AndroidManifest.xml:16:13-43
192            android:exported="false" >
192-->[:capacitor-local-notifications] AndroidManifest.xml:17:13-37
193            <intent-filter>
193-->[:capacitor-local-notifications] AndroidManifest.xml:18:13-22:29
194                <action android:name="android.intent.action.LOCKED_BOOT_COMPLETED" />
194-->[:capacitor-local-notifications] AndroidManifest.xml:19:17-86
194-->[:capacitor-local-notifications] AndroidManifest.xml:19:25-83
195                <action android:name="android.intent.action.BOOT_COMPLETED" />
195-->[:capacitor-local-notifications] AndroidManifest.xml:20:17-79
195-->[:capacitor-local-notifications] AndroidManifest.xml:20:25-76
196                <action android:name="android.intent.action.QUICKBOOT_POWERON" />
196-->[:capacitor-local-notifications] AndroidManifest.xml:21:17-82
196-->[:capacitor-local-notifications] AndroidManifest.xml:21:25-79
197            </intent-filter>
198        </receiver>
199
200        <service
200-->[:capacitor-push-notifications] AndroidManifest.xml:8:9-14:19
201            android:name="com.capacitorjs.plugins.pushnotifications.MessagingService"
201-->[:capacitor-push-notifications] AndroidManifest.xml:9:13-86
202            android:exported="false" >
202-->[:capacitor-push-notifications] AndroidManifest.xml:10:13-37
203            <intent-filter>
203-->[:capacitor-push-notifications] AndroidManifest.xml:11:13-13:29
204                <action android:name="com.google.firebase.MESSAGING_EVENT" />
204-->[:capacitor-push-notifications] AndroidManifest.xml:12:17-78
204-->[:capacitor-push-notifications] AndroidManifest.xml:12:25-75
205            </intent-filter>
206        </service>
207
208        <activity
208-->[io.ionic.libs:ioncamera-android:1.0.1] AndroidManifest.xml:9:9-11:86
209            android:name="io.ionic.libs.ioncameralib.view.IONCAMRLoadingActivity"
209-->[io.ionic.libs:ioncamera-android:1.0.1] AndroidManifest.xml:10:13-82
210            android:theme="@android:style/Theme.Translucent.NoTitleBar.Fullscreen" />
210-->[io.ionic.libs:ioncamera-android:1.0.1] AndroidManifest.xml:11:13-83
211        <activity
211-->[io.ionic.libs:ioncamera-android:1.0.1] AndroidManifest.xml:12:9-16:36
212            android:name="io.ionic.libs.ioncameralib.view.IONCAMRImageEditorActivity"
212-->[io.ionic.libs:ioncamera-android:1.0.1] AndroidManifest.xml:13:13-86
213            android:enableOnBackInvokedCallback="true"
213-->[io.ionic.libs:ioncamera-android:1.0.1] AndroidManifest.xml:14:13-55
214            android:theme="@android:style/Theme.Black.NoTitleBar" />
214-->[io.ionic.libs:ioncamera-android:1.0.1] AndroidManifest.xml:15:13-66
215        <activity
215-->[io.ionic.libs:ioncamera-android:1.0.1] AndroidManifest.xml:17:9-20:86
216            android:name="io.ionic.libs.ioncameralib.view.IONCAMROpenPhotoPickerActivity"
216-->[io.ionic.libs:ioncamera-android:1.0.1] AndroidManifest.xml:18:13-90
217            android:exported="false"
217-->[io.ionic.libs:ioncamera-android:1.0.1] AndroidManifest.xml:19:13-37
218            android:theme="@android:style/Theme.Translucent.NoTitleBar.Fullscreen" /> <!-- Trigger Google Play services to install the backported photo picker module. -->
218-->[io.ionic.libs:ioncamera-android:1.0.1] AndroidManifest.xml:20:13-83
219        <service
219-->[io.ionic.libs:ioncamera-android:1.0.1] AndroidManifest.xml:22:9-34:19
220            android:name="com.google.android.gms.metadata.ModuleDependencies"
220-->[io.ionic.libs:ioncamera-android:1.0.1] AndroidManifest.xml:23:13-78
221            android:enabled="false"
221-->[io.ionic.libs:ioncamera-android:1.0.1] AndroidManifest.xml:24:13-36
222            android:exported="false" >
222-->[io.ionic.libs:ioncamera-android:1.0.1] AndroidManifest.xml:25:13-37
223            <intent-filter>
223-->[io.ionic.libs:ioncamera-android:1.0.1] AndroidManifest.xml:27:13-29:29
224                <action android:name="com.google.android.gms.metadata.MODULE_DEPENDENCIES" />
224-->[io.ionic.libs:ioncamera-android:1.0.1] AndroidManifest.xml:28:17-94
224-->[io.ionic.libs:ioncamera-android:1.0.1] AndroidManifest.xml:28:25-91
225            </intent-filter>
226
227            <meta-data
227-->[io.ionic.libs:ioncamera-android:1.0.1] AndroidManifest.xml:31:13-33:36
228                android:name="photopicker_activity:0:required"
228-->[io.ionic.libs:ioncamera-android:1.0.1] AndroidManifest.xml:32:17-63
229                android:value="" />
229-->[io.ionic.libs:ioncamera-android:1.0.1] AndroidManifest.xml:33:17-33
230        </service>
231
232        <provider
232-->[io.ionic.libs:ioncamera-android:1.0.1] AndroidManifest.xml:36:9-44:20
233            android:name="io.ionic.libs.ioncameralib.IONCAMRFileProvider"
233-->[io.ionic.libs:ioncamera-android:1.0.1] AndroidManifest.xml:37:13-74
234            android:authorities="com.juanesj2.lovewidget.camera.provider"
234-->[io.ionic.libs:ioncamera-android:1.0.1] AndroidManifest.xml:38:13-67
235            android:exported="false"
235-->[io.ionic.libs:ioncamera-android:1.0.1] AndroidManifest.xml:39:13-37
236            android:grantUriPermissions="true" >
236-->[io.ionic.libs:ioncamera-android:1.0.1] AndroidManifest.xml:40:13-47
237            <meta-data
237-->src\main\AndroidManifest.xml:32:13-112
238                android:name="android.support.FILE_PROVIDER_PATHS"
238-->src\main\AndroidManifest.xml:32:24-74
239                android:resource="@xml/ioncamera_paths" />
239-->src\main\AndroidManifest.xml:32:75-109
240        </provider>
241
242        <service
242-->[androidx.credentials:credentials-play-services-auth:1.5.0] AndroidManifest.xml:24:9-32:19
243            android:name="androidx.credentials.playservices.CredentialProviderMetadataHolder"
243-->[androidx.credentials:credentials-play-services-auth:1.5.0] AndroidManifest.xml:25:13-94
244            android:enabled="true"
244-->[androidx.credentials:credentials-play-services-auth:1.5.0] AndroidManifest.xml:26:13-35
245            android:exported="false" >
245-->[androidx.credentials:credentials-play-services-auth:1.5.0] AndroidManifest.xml:27:13-37
246            <meta-data
246-->[androidx.credentials:credentials-play-services-auth:1.5.0] AndroidManifest.xml:29:13-31:104
247                android:name="androidx.credentials.CREDENTIAL_PROVIDER_KEY"
247-->[androidx.credentials:credentials-play-services-auth:1.5.0] AndroidManifest.xml:30:17-76
248                android:value="androidx.credentials.playservices.CredentialProviderPlayServicesImpl" />
248-->[androidx.credentials:credentials-play-services-auth:1.5.0] AndroidManifest.xml:31:17-101
249        </service>
250
251        <activity
251-->[androidx.credentials:credentials-play-services-auth:1.5.0] AndroidManifest.xml:34:9-41:20
252            android:name="androidx.credentials.playservices.HiddenActivity"
252-->[androidx.credentials:credentials-play-services-auth:1.5.0] AndroidManifest.xml:35:13-76
253            android:configChanges="orientation|screenSize|screenLayout|keyboardHidden"
253-->[androidx.credentials:credentials-play-services-auth:1.5.0] AndroidManifest.xml:36:13-87
254            android:enabled="true"
254-->[androidx.credentials:credentials-play-services-auth:1.5.0] AndroidManifest.xml:37:13-35
255            android:exported="false"
255-->[androidx.credentials:credentials-play-services-auth:1.5.0] AndroidManifest.xml:38:13-37
256            android:fitsSystemWindows="true"
256-->[androidx.credentials:credentials-play-services-auth:1.5.0] AndroidManifest.xml:39:13-45
257            android:theme="@style/Theme.Hidden" >
257-->[androidx.credentials:credentials-play-services-auth:1.5.0] AndroidManifest.xml:40:13-48
258        </activity>
259        <activity
259-->[androidx.credentials:credentials-play-services-auth:1.5.0] AndroidManifest.xml:42:9-49:20
260            android:name="androidx.credentials.playservices.IdentityCredentialApiHiddenActivity"
260-->[androidx.credentials:credentials-play-services-auth:1.5.0] AndroidManifest.xml:43:13-97
261            android:configChanges="orientation|screenSize|screenLayout|keyboardHidden"
261-->[androidx.credentials:credentials-play-services-auth:1.5.0] AndroidManifest.xml:44:13-87
262            android:enabled="true"
262-->[androidx.credentials:credentials-play-services-auth:1.5.0] AndroidManifest.xml:45:13-35
263            android:exported="false"
263-->[androidx.credentials:credentials-play-services-auth:1.5.0] AndroidManifest.xml:46:13-37
264            android:fitsSystemWindows="true"
264-->[androidx.credentials:credentials-play-services-auth:1.5.0] AndroidManifest.xml:47:13-45
265            android:theme="@style/Theme.Hidden" >
265-->[androidx.credentials:credentials-play-services-auth:1.5.0] AndroidManifest.xml:48:13-48
266        </activity>
267
268        <provider
268-->[androidx.work:work-runtime:2.9.0] AndroidManifest.xml:29:9-37:20
269            android:name="androidx.startup.InitializationProvider"
269-->[androidx.work:work-runtime:2.9.0] AndroidManifest.xml:30:13-67
270            android:authorities="com.juanesj2.lovewidget.androidx-startup"
270-->[androidx.work:work-runtime:2.9.0] AndroidManifest.xml:31:13-68
271            android:exported="false" >
271-->[androidx.work:work-runtime:2.9.0] AndroidManifest.xml:32:13-37
272            <meta-data
272-->[androidx.work:work-runtime:2.9.0] AndroidManifest.xml:34:13-36:52
273                android:name="androidx.work.WorkManagerInitializer"
273-->[androidx.work:work-runtime:2.9.0] AndroidManifest.xml:35:17-68
274                android:value="androidx.startup" />
274-->[androidx.work:work-runtime:2.9.0] AndroidManifest.xml:36:17-49
275            <meta-data
275-->[androidx.emoji2:emoji2:1.3.0] AndroidManifest.xml:29:13-31:52
276                android:name="androidx.emoji2.text.EmojiCompatInitializer"
276-->[androidx.emoji2:emoji2:1.3.0] AndroidManifest.xml:30:17-75
277                android:value="androidx.startup" />
277-->[androidx.emoji2:emoji2:1.3.0] AndroidManifest.xml:31:17-49
278            <meta-data
278-->[androidx.lifecycle:lifecycle-process:2.6.2] AndroidManifest.xml:29:13-31:52
279                android:name="androidx.lifecycle.ProcessLifecycleInitializer"
279-->[androidx.lifecycle:lifecycle-process:2.6.2] AndroidManifest.xml:30:17-78
280                android:value="androidx.startup" />
280-->[androidx.lifecycle:lifecycle-process:2.6.2] AndroidManifest.xml:31:17-49
281            <meta-data
281-->[androidx.profileinstaller:profileinstaller:1.4.0] AndroidManifest.xml:29:13-31:52
282                android:name="androidx.profileinstaller.ProfileInstallerInitializer"
282-->[androidx.profileinstaller:profileinstaller:1.4.0] AndroidManifest.xml:30:17-85
283                android:value="androidx.startup" />
283-->[androidx.profileinstaller:profileinstaller:1.4.0] AndroidManifest.xml:31:17-49
284        </provider>
285
286        <service
286-->[androidx.work:work-runtime:2.9.0] AndroidManifest.xml:39:9-45:35
287            android:name="androidx.work.impl.background.systemalarm.SystemAlarmService"
287-->[androidx.work:work-runtime:2.9.0] AndroidManifest.xml:40:13-88
288            android:directBootAware="false"
288-->[androidx.work:work-runtime:2.9.0] AndroidManifest.xml:41:13-44
289            android:enabled="@bool/enable_system_alarm_service_default"
289-->[androidx.work:work-runtime:2.9.0] AndroidManifest.xml:42:13-72
290            android:exported="false" />
290-->[androidx.work:work-runtime:2.9.0] AndroidManifest.xml:43:13-37
291        <service
291-->[androidx.work:work-runtime:2.9.0] AndroidManifest.xml:46:9-52:35
292            android:name="androidx.work.impl.background.systemjob.SystemJobService"
292-->[androidx.work:work-runtime:2.9.0] AndroidManifest.xml:47:13-84
293            android:directBootAware="false"
293-->[androidx.work:work-runtime:2.9.0] AndroidManifest.xml:48:13-44
294            android:enabled="@bool/enable_system_job_service_default"
294-->[androidx.work:work-runtime:2.9.0] AndroidManifest.xml:49:13-70
295            android:exported="true"
295-->[androidx.work:work-runtime:2.9.0] AndroidManifest.xml:50:13-36
296            android:permission="android.permission.BIND_JOB_SERVICE" />